# JRE version: Java(TM) SE Runtime Environment (7.0_65-b17) (build 1.7.0_65-b17)
# Java VM: Java HotSpot(TM) 64-Bit Server VM (24.65-b04 mixed mode linux-amd64 compressed oops)
Heap
 PSYoungGen      total 244224K, used 3034K [0x00000000f0000000, 0x0000000100000000, 0x0000000100000000)
  eden space 226304K, 0% used [0x00000000f0000000,0x00000000f0000000,0x00000000fdd00000)
  from space 17920K, 16% used [0x00000000fdd00000,0x00000000fdff6ad0,0x00000000fee80000)
  to   space 17920K, 0% used [0x00000000fee80000,0x00000000fee80000,0x0000000100000000)
 ParOldGen       total 44032K, used 43789K [0x00000000d0000000, 0x00000000d2b00000, 0x00000000f0000000)
  object space 44032K, 99% used [0x00000000d0000000,0x00000000d2ac3588,0x00000000d2b00000)
 PSPermGen       total 34304K, used 33968K [0x00000000c0000000, 0x00000000c2180000, 0x00000000d0000000)
  object space 34304K, 99% used [0x00000000c0000000,0x00000000c212c220,0x00000000c2180000)
GC Heap History (10 events):
Event: 8.290 GC heap after
Heap after GC invocations=5 (full 0):
 PSYoungGen      total 70144K, used 2560K [0x00000000f0000000, 0x00000000f9600000, 0x0000000100000000)
  eden space 67584K, 0% used [0x00000000f0000000,0x00000000f0000000,0x00000000f4200000)
  from space 2560K, 100% used [0x00000000f4200000,0x00000000f4480000,0x00000000f4480000)
  to   space 9216K, 0% used [0x00000000f8d00000,0x00000000f8d00000,0x00000000f9600000)
 ParOldGen       total 44032K, used 20205K [0x00000000d0000000, 0x00000000d2b00000, 0x00000000f0000000)
  object space 44032K, 45% used [0x00000000d0000000,0x00000000d13bb5b0,0x00000000d2b00000)
 PSPermGen       total 32768K, used 20442K [0x00000000c0000000, 0x00000000c2000000, 0x00000000d0000000)
  object space 32768K, 62% used [0x00000000c0000000,0x00000000c13f6ac0,0x00000000c2000000)
}
Event: 10.058 GC heap before
{Heap before GC invocations=6 (full 0):
 PSYoungGen      total 70144K, used 70144K [0x00000000f0000000, 0x00000000f9600000, 0x0000000100000000)
  eden space 67584K, 100% used [0x00000000f0000000,0x00000000f4200000,0x00000000f4200000)
  from space 2560K, 100% used [0x00000000f4200000,0x00000000f4480000,0x00000000f4480000)
  to   space 9216K, 0% used [0x00000000f8d00000,0x00000000f8d00000,0x00000000f9600000)
 ParOldGen       total 44032K, used 20205K [0x00000000d0000000, 0x00000000d2b00000, 0x00000000f0000000)
  object space 44032K, 45% used [0x00000000d0000000,0x00000000d13bb5b0,0x00000000d2b00000)
 PSPermGen       total 32768K, used 20544K [0x00000000c0000000, 0x00000000c2000000, 0x00000000d0000000)
  object space 32768K, 62% used [0x00000000c0000000,0x00000000c1410288,0x00000000c2000000)
Event: 10.091 GC heap after
Heap after GC invocations=6 (full 0):
 PSYoungGen      total 144384K, used 5136K [0x00000000f0000000, 0x00000000f9600000, 0x0000000100000000)
  eden space 135168K, 0% used [0x00000000f0000000,0x00000000f0000000,0x00000000f8400000)
  from space 9216K, 55% used [0x00000000f8d00000,0x00000000f9204030,0x00000000f9600000)
  to   space 9216K, 0% used [0x00000000f8400000,0x00000000f8400000,0x00000000f8d00000)
 ParOldGen       total 44032K, used 20205K [0x00000000d0000000, 0x00000000d2b00000, 0x00000000f0000000)
  object space 44032K, 45% used [0x00000000d0000000,0x00000000d13bb5b0,0x00000000d2b00000)
 PSPermGen       total 32768K, used 20544K [0x00000000c0000000, 0x00000000c2000000, 0x00000000d0000000)
  object space 32768K, 62% used [0x00000000c0000000,0x00000000c1410288,0x00000000c2000000)
}
Event: 14.554 GC heap before
{Heap before GC invocations=7 (full 0):
 PSYoungGen      total 144384K, used 140304K [0x00000000f0000000, 0x00000000f9600000, 0x0000000100000000)
  eden space 135168K, 100% used [0x00000000f0000000,0x00000000f8400000,0x00000000f8400000)
  from space 9216K, 55% used [0x00000000f8d00000,0x00000000f9204030,0x00000000f9600000)
  to   space 9216K, 0% used [0x00000000f8400000,0x00000000f8400000,0x00000000f8d00000)
 ParOldGen       total 44032K, used 20205K [0x00000000d0000000, 0x00000000d2b00000, 0x00000000f0000000)
  object space 44032K, 45% used [0x00000000d0000000,0x00000000d13bb5b0,0x00000000d2b00000)
 PSPermGen       total 32768K, used 25994K [0x00000000c0000000, 0x00000000c2000000, 0x00000000d0000000)
  object space 32768K, 79% used [0x00000000c0000000,0x00000000c1962b10,0x00000000c2000000)
Event: 14.705 GC heap after
Heap after GC invocations=7 (full 0):
 PSYoungGen      total 144384K, used 9184K [0x00000000f0000000, 0x0000000100000000, 0x0000000100000000)
  eden space 135168K, 0% used [0x00000000f0000000,0x00000000f0000000,0x00000000f8400000)
  from space 9216K, 99% used [0x00000000f8400000,0x00000000f8cf8108,0x00000000f8d00000)
  to   space 12800K, 0% used [0x00000000ff380000,0x00000000ff380000,0x0000000100000000)
 ParOldGen       total 44032K, used 24935K [0x00000000d0000000, 0x00000000d2b00000, 0x00000000f0000000)
  object space 44032K, 56% used [0x00000000d0000000,0x00000000d1859f78,0x00000000d2b00000)
 PSPermGen       total 32768K, used 25994K [0x00000000c0000000, 0x00000000c2000000, 0x00000000d0000000)
  object space 32768K, 79% used [0x00000000c0000000,0x00000000c1962b10,0x00000000c2000000)
}
Event: 22.624 GC heap before
{Heap before GC invocations=8 (full 0):
 PSYoungGen      total 144384K, used 144352K [0x00000000f0000000, 0x0000000100000000, 0x0000000100000000)
  eden space 135168K, 100% used [0x00000000f0000000,0x00000000f8400000,0x00000000f8400000)
  from space 9216K, 99% used [0x00000000f8400000,0x00000000f8cf8108,0x00000000f8d00000)
  to   space 12800K, 0% used [0x00000000ff380000,0x00000000ff380000,0x0000000100000000)
 ParOldGen       total 44032K, used 24935K [0x00000000d0000000, 0x00000000d2b00000, 0x00000000f0000000)
  object space 44032K, 56% used [0x00000000d0000000,0x00000000d1859f78,0x00000000d2b00000)
 PSPermGen       total 32768K, used 29686K [0x00000000c0000000, 0x00000000c2000000, 0x00000000d0000000)
  object space 32768K, 90% used [0x00000000c0000000,0x00000000c1cfd9b0,0x00000000c2000000)
Event: 22.806 GC heap after
Heap after GC invocations=8 (full 0):
 PSYoungGen      total 239104K, used 12784K [0x00000000f0000000, 0x0000000100000000, 0x0000000100000000)
  eden space 226304K, 0% used [0x00000000f0000000,0x00000000f0000000,0x00000000fdd00000)
  from space 12800K, 99% used [0x00000000ff380000,0x00000000ffffc0f8,0x0000000100000000)
  to   space 17920K, 0% used [0x00000000fdd00000,0x00000000fdd00000,0x00000000fee80000)
 ParOldGen       total 44032K, used 33304K [0x00000000d0000000, 0x00000000d2b00000, 0x00000000f0000000)
  object space 44032K, 75% used [0x00000000d0000000,0x00000000d20862d8,0x00000000d2b00000)
 PSPermGen       total 32768K, used 29686K [0x00000000c0000000, 0x00000000c2000000, 0x00000000d0000000)
  object space 32768K, 90% used [0x00000000c0000000,0x00000000c1cfd9b0,0x00000000c2000000)
}
Event: 33.110 GC heap before
{Heap before GC invocations=9 (full 0):
 PSYoungGen      total 239104K, used 239088K [0x00000000f0000000, 0x0000000100000000, 0x0000000100000000)
  eden space 226304K, 100% used [0x00000000f0000000,0x00000000fdd00000,0x00000000fdd00000)
  from space 12800K, 99% used [0x00000000ff380000,0x00000000ffffc0f8,0x0000000100000000)
  to   space 17920K, 0% used [0x00000000fdd00000,0x00000000fdd00000,0x00000000fee80000)
 ParOldGen       total 44032K, used 33304K [0x00000000d0000000, 0x00000000d2b00000, 0x00000000f0000000)
  object space 44032K, 75% used [0x00000000d0000000,0x00000000d20862d8,0x00000000d2b00000)
 PSPermGen       total 34304K, used 33996K [0x00000000c0000000, 0x00000000c2180000, 0x00000000d0000000)
  object space 34304K, 99% used [0x00000000c0000000,0x00000000c2133148,0x00000000c2180000)
Event: 33.418 GC heap after
Heap after GC invocations=9 (full 0):
 PSYoungGen      total 244224K, used 17888K [0x00000000f0000000, 0x0000000100000000, 0x0000000100000000)
  eden space 226304K, 0% used [0x00000000f0000000,0x00000000f0000000,0x00000000fdd00000)
  from space 17920K, 99% used [0x00000000fdd00000,0x00000000fee78108,0x00000000fee80000)
  to   space 17920K, 0% used [0x00000000fee80000,0x00000000fee80000,0x0000000100000000)
 ParOldGen       total 44032K, used 41675K [0x00000000d0000000, 0x00000000d2b00000, 0x00000000f0000000)
  object space 44032K, 94% used [0x00000000d0000000,0x00000000d28b2c38,0x00000000d2b00000)
 PSPermGen       total 34304K, used 33996K [0x00000000c0000000, 0x00000000c2180000, 0x00000000d0000000)
  object space 34304K, 99% used [0x00000000c0000000,0x00000000c2133148,0x00000000c2180000)
}
Event: 33.420 GC heap before
{Heap before GC invocations=10 (full 1):
 PSYoungGen      total 244224K, used 17888K [0x00000000f0000000, 0x0000000100000000, 0x0000000100000000)
  eden space 226304K, 0% used [0x00000000f0000000,0x00000000f0000000,0x00000000fdd00000)
  from space 17920K, 99% used [0x00000000fdd00000,0x00000000fee78108,0x00000000fee80000)
  to   space 17920K, 0% used [0x00000000fee80000,0x00000000fee80000,0x0000000100000000)
 ParOldGen       total 44032K, used 41675K [0x00000000d0000000, 0x00000000d2b00000, 0x00000000f0000000)
  object space 44032K, 94% used [0x00000000d0000000,0x00000000d28b2c38,0x00000000d2b00000)
 PSPermGen       total 34304K, used 33996K [0x00000000c0000000, 0x00000000c2180000, 0x00000000d0000000)
  object space 34304K, 99% used [0x00000000c0000000,0x00000000c2133148,0x00000000c2180000)

