# JRE version: Java(TM) SE Runtime Environment (7.0_65-b17) (build 1.7.0_65-b17)
# Java VM: Java HotSpot(TM) 64-Bit Server VM (24.65-b04 mixed mode linux-amd64 compressed oops)
Heap
 PSYoungGen      total 66560K, used 61381K [0x00000000f0000000, 0x00000000f4a80000, 0x0000000100000000)
  eden space 61952K, 98% used [0x00000000f0000000,0x00000000f3b51690,0x00000000f3c80000)
  from space 4608K, 13% used [0x00000000f4600000,0x00000000f46a0000,0x00000000f4a80000)
  to   space 7168K, 0% used [0x00000000f3c80000,0x00000000f3c80000,0x00000000f4380000)
 ParOldGen       total 87040K, used 72252K [0x00000000d0000000, 0x00000000d5500000, 0x00000000f0000000)
  object space 87040K, 83% used [0x00000000d0000000,0x00000000d468f1d0,0x00000000d5500000)
 PSPermGen       total 71680K, used 43199K [0x00000000c0000000, 0x00000000c4600000, 0x00000000d0000000)
  object space 71680K, 60% used [0x00000000c0000000,0x00000000c2a2fe70,0x00000000c4600000)
GC Heap History (10 events):
Event: 1783082.031 GC heap before
{Heap before GC invocations=41 (full 1):
 PSYoungGen      total 74240K, used 73968K [0x00000000f0000000, 0x00000000f5980000, 0x0000000100000000)
  eden space 73216K, 100% used [0x00000000f0000000,0x00000000f4780000,0x00000000f4780000)
  from space 1024K, 73% used [0x00000000f4a00000,0x00000000f4abc010,0x00000000f4b00000)
  to   space 9216K, 0% used [0x00000000f5080000,0x00000000f5080000,0x00000000f5980000)
 ParOldGen       total 87040K, used 72244K [0x00000000d0000000, 0x00000000d5500000, 0x00000000f0000000)
  object space 87040K, 83% used [0x00000000d0000000,0x00000000d468d1d0,0x00000000d5500000)
 PSPermGen       total 71680K, used 43197K [0x00000000c0000000, 0x00000000c4600000, 0x00000000d0000000)
  object space 71680K, 60% used [0x00000000c0000000,0x00000000c2a2f500,0x00000000c4600000)
Event: 1783082.053 GC heap after
Heap after GC invocations=41 (full 1):
 PSYoungGen      total 76288K, used 704K [0x00000000f0000000, 0x00000000f5600000, 0x0000000100000000)
  eden space 70656K, 0% used [0x00000000f0000000,0x00000000f0000000,0x00000000f4500000)
  from space 5632K, 12% used [0x00000000f5080000,0x00000000f5130000,0x00000000f5600000)
  to   space 8704K, 0% used [0x00000000f4500000,0x00000000f4500000,0x00000000f4d80000)
 ParOldGen       total 87040K, used 72244K [0x00000000d0000000, 0x00000000d5500000, 0x00000000f0000000)
  object space 87040K, 83% used [0x00000000d0000000,0x00000000d468d1d0,0x00000000d5500000)
 PSPermGen       total 71680K, used 43197K [0x00000000c0000000, 0x00000000c4600000, 0x00000000d0000000)
  object space 71680K, 60% used [0x00000000c0000000,0x00000000c2a2f500,0x00000000c4600000)
}
Event: 1813975.126 GC heap before
{Heap before GC invocations=42 (full 1):
 PSYoungGen      total 76288K, used 71360K [0x00000000f0000000, 0x00000000f5600000, 0x0000000100000000)
  eden space 70656K, 100% used [0x00000000f0000000,0x00000000f4500000,0x00000000f4500000)
  from space 5632K, 12% used [0x00000000f5080000,0x00000000f5130000,0x00000000f5600000)
  to   space 8704K, 0% used [0x00000000f4500000,0x00000000f4500000,0x00000000f4d80000)
 ParOldGen       total 87040K, used 72244K [0x00000000d0000000, 0x00000000d5500000, 0x00000000f0000000)
  object space 87040K, 83% used [0x00000000d0000000,0x00000000d468d1d0,0x00000000d5500000)
 PSPermGen       total 71680K, used 43199K [0x00000000c0000000, 0x00000000c4600000, 0x00000000d0000000)
  object space 71680K, 60% used [0x00000000c0000000,0x00000000c2a2fc28,0x00000000c4600000)
Event: 1813975.149 GC heap after
Heap after GC invocations=42 (full 1):
 PSYoungGen      total 69120K, used 720K [0x00000000f0000000, 0x00000000f5280000, 0x0000000100000000)
  eden space 68096K, 0% used [0x00000000f0000000,0x00000000f0000000,0x00000000f4280000)
  from space 1024K, 70% used [0x00000000f4500000,0x00000000f45b4010,0x00000000f4600000)
  to   space 8192K, 0% used [0x00000000f4a80000,0x00000000f4a80000,0x00000000f5280000)
 ParOldGen       total 87040K, used 72244K [0x00000000d0000000, 0x00000000d5500000, 0x00000000f0000000)
  object space 87040K, 83% used [0x00000000d0000000,0x00000000d468d1d0,0x00000000d5500000)
 PSPermGen       total 71680K, used 43199K [0x00000000c0000000, 0x00000000c4600000, 0x00000000d0000000)
  object space 71680K, 60% used [0x00000000c0000000,0x00000000c2a2fc28,0x00000000c4600000)
}
Event: 1845873.495 GC heap before
{Heap before GC invocations=43 (full 1):
 PSYoungGen      total 69120K, used 68816K [0x00000000f0000000, 0x00000000f5280000, 0x0000000100000000)
  eden space 68096K, 100% used [0x00000000f0000000,0x00000000f4280000,0x00000000f4280000)
  from space 1024K, 70% used [0x00000000f4500000,0x00000000f45b4010,0x00000000f4600000)
  to   space 8192K, 0% used [0x00000000f4a80000,0x00000000f4a80000,0x00000000f5280000)
 ParOldGen       total 87040K, used 72244K [0x00000000d0000000, 0x00000000d5500000, 0x00000000f0000000)
  object space 87040K, 83% used [0x00000000d0000000,0x00000000d468d1d0,0x00000000d5500000)
 PSPermGen       total 71680K, used 43199K [0x00000000c0000000, 0x00000000c4600000, 0x00000000d0000000)
  object space 71680K, 60% used [0x00000000c0000000,0x00000000c2a2fc28,0x00000000c4600000)
Event: 1845873.504 GC heap after
Heap after GC invocations=43 (full 1):
 PSYoungGen      total 71168K, used 672K [0x00000000f0000000, 0x00000000f4f80000, 0x0000000100000000)
  eden space 66048K, 0% used [0x00000000f0000000,0x00000000f0000000,0x00000000f4080000)
  from space 5120K, 13% used [0x00000000f4a80000,0x00000000f4b28000,0x00000000f4f80000)
  to   space 7680K, 0% used [0x00000000f4080000,0x00000000f4080000,0x00000000f4800000)
 ParOldGen       total 87040K, used 72244K [0x00000000d0000000, 0x00000000d5500000, 0x00000000f0000000)
  object space 87040K, 83% used [0x00000000d0000000,0x00000000d468d1d0,0x00000000d5500000)
 PSPermGen       total 71680K, used 43199K [0x00000000c0000000, 0x00000000c4600000, 0x00000000d0000000)
  object space 71680K, 60% used [0x00000000c0000000,0x00000000c2a2fc28,0x00000000c4600000)
}
Event: 1876838.005 GC heap before
{Heap before GC invocations=44 (full 1):
 PSYoungGen      total 71168K, used 66720K [0x00000000f0000000, 0x00000000f4f80000, 0x0000000100000000)
  eden space 66048K, 100% used [0x00000000f0000000,0x00000000f4080000,0x00000000f4080000)
  from space 5120K, 13% used [0x00000000f4a80000,0x00000000f4b28000,0x00000000f4f80000)
  to   space 7680K, 0% used [0x00000000f4080000,0x00000000f4080000,0x00000000f4800000)
 ParOldGen       total 87040K, used 72244K [0x00000000d0000000, 0x00000000d5500000, 0x00000000f0000000)
  object space 87040K, 83% used [0x00000000d0000000,0x00000000d468d1d0,0x00000000d5500000)
 PSPermGen       total 71680K, used 43199K [0x00000000c0000000, 0x00000000c4600000, 0x00000000d0000000)
  object space 71680K, 60% used [0x00000000c0000000,0x00000000c2a2fc28,0x00000000c4600000)
Event: 1876838.013 GC heap after
Heap after GC invocations=44 (full 1):
 PSYoungGen      total 65024K, used 672K [0x00000000f0000000, 0x00000000f4d80000, 0x0000000100000000)
  eden space 64000K, 0% used [0x00000000f0000000,0x00000000f0000000,0x00000000f3e80000)
  from space 1024K, 65% used [0x00000000f4080000,0x00000000f4128000,0x00000000f4180000)
  to   space 7680K, 0% used [0x00000000f4600000,0x00000000f4600000,0x00000000f4d80000)
 ParOldGen       total 87040K, used 72244K [0x00000000d0000000, 0x00000000d5500000, 0x00000000f0000000)
  object space 87040K, 83% used [0x00000000d0000000,0x00000000d468d1d0,0x00000000d5500000)
 PSPermGen       total 71680K, used 43199K [0x00000000c0000000, 0x00000000c4600000, 0x00000000d0000000)
  object space 71680K, 60% used [0x00000000c0000000,0x00000000c2a2fc28,0x00000000c4600000)
}
Event: 1904485.871 GC heap before
{Heap before GC invocations=45 (full 1):
 PSYoungGen      total 65024K, used 64672K [0x00000000f0000000, 0x00000000f4d80000, 0x0000000100000000)
  eden space 64000K, 100% used [0x00000000f0000000,0x00000000f3e80000,0x00000000f3e80000)
  from space 1024K, 65% used [0x00000000f4080000,0x00000000f4128000,0x00000000f4180000)
  to   space 7680K, 0% used [0x00000000f4600000,0x00000000f4600000,0x00000000f4d80000)
 ParOldGen       total 87040K, used 72244K [0x00000000d0000000, 0x00000000d5500000, 0x00000000f0000000)
  object space 87040K, 83% used [0x00000000d0000000,0x00000000d468d1d0,0x00000000d5500000)
 PSPermGen       total 71680K, used 43199K [0x00000000c0000000, 0x00000000c4600000, 0x00000000d0000000)
  object space 71680K, 60% used [0x00000000c0000000,0x00000000c2a2fe70,0x00000000c4600000)
Event: 1904485.884 GC heap after
Heap after GC invocations=45 (full 1):
 PSYoungGen      total 66560K, used 640K [0x00000000f0000000, 0x00000000f4a80000, 0x0000000100000000)
  eden space 61952K, 0% used [0x00000000f0000000,0x00000000f0000000,0x00000000f3c80000)
  from space 4608K, 13% used [0x00000000f4600000,0x00000000f46a0000,0x00000000f4a80000)
  to   space 7168K, 0% used [0x00000000f3c80000,0x00000000f3c80000,0x00000000f4380000)
 ParOldGen       total 87040K, used 72252K [0x00000000d0000000, 0x00000000d5500000, 0x00000000f0000000)
  object space 87040K, 83% used [0x00000000d0000000,0x00000000d468f1d0,0x00000000d5500000)
 PSPermGen       total 71680K, used 43199K [0x00000000c0000000, 0x00000000c4600000, 0x00000000d0000000)
  object space 71680K, 60% used [0x00000000c0000000,0x00000000c2a2fe70,0x00000000c4600000)
}

