# JRE version: Java(TM) SE Runtime Environment (7.0_65-b17) (build 1.7.0_65-b17)
# Java VM: Java HotSpot(TM) 64-Bit Server VM (24.65-b04 mixed mode linux-amd64 compressed oops)
Heap
 PSYoungGen      total 204288K, used 3734K [0x00000000f0000000, 0x00000000ffb80000, 0x0000000100000000)
  eden space 157184K, 0% used [0x00000000f0000000,0x00000000f0000000,0x00000000f9980000)
  from space 47104K, 7% used [0x00000000fcd80000,0x00000000fd125920,0x00000000ffb80000)
  to   space 50176K, 0% used [0x00000000f9980000,0x00000000f9980000,0x00000000fca80000)
 ParOldGen       total 92160K, used 92069K [0x00000000d0000000, 0x00000000d5a00000, 0x00000000f0000000)
  object space 92160K, 99% used [0x00000000d0000000,0x00000000d59e9420,0x00000000d5a00000)
 PSPermGen       total 67072K, used 66848K [0x00000000c0000000, 0x00000000c4180000, 0x00000000d0000000)
  object space 67072K, 99% used [0x00000000c0000000,0x00000000c41481a0,0x00000000c4180000)
GC Heap History (10 events):
Event: 29.890 GC heap after
Heap after GC invocations=41 (full 3):
 PSYoungGen      total 211968K, used 32909K [0x00000000f0000000, 0x0000000100000000, 0x0000000100000000)
  eden space 167936K, 0% used [0x00000000f0000000,0x00000000f0000000,0x00000000fa400000)
  from space 44032K, 74% used [0x00000000fd500000,0x00000000ff523520,0x0000000100000000)
  to   space 47104K, 0% used [0x00000000fa400000,0x00000000fa400000,0x00000000fd200000)
 ParOldGen       total 92160K, used 59700K [0x00000000d0000000, 0x00000000d5a00000, 0x00000000f0000000)
  object space 92160K, 64% used [0x00000000d0000000,0x00000000d3a4d0d8,0x00000000d5a00000)
 PSPermGen       total 60928K, used 60818K [0x00000000c0000000, 0x00000000c3b80000, 0x00000000d0000000)
  object space 60928K, 99% used [0x00000000c0000000,0x00000000c3b64918,0x00000000c3b80000)
}
Event: 30.556 GC heap before
{Heap before GC invocations=42 (full 3):
 PSYoungGen      total 211968K, used 195576K [0x00000000f0000000, 0x0000000100000000, 0x0000000100000000)
  eden space 167936K, 96% used [0x00000000f0000000,0x00000000f9edad40,0x00000000fa400000)
  from space 44032K, 74% used [0x00000000fd500000,0x00000000ff523520,0x0000000100000000)
  to   space 47104K, 0% used [0x00000000fa400000,0x00000000fa400000,0x00000000fd200000)
 ParOldGen       total 92160K, used 59700K [0x00000000d0000000, 0x00000000d5a00000, 0x00000000f0000000)
  object space 92160K, 64% used [0x00000000d0000000,0x00000000d3a4d0d8,0x00000000d5a00000)
 PSPermGen       total 63488K, used 63059K [0x00000000c0000000, 0x00000000c3e00000, 0x00000000d0000000)
  object space 63488K, 99% used [0x00000000c0000000,0x00000000c3d94f78,0x00000000c3e00000)
Event: 30.611 GC heap after
Heap after GC invocations=42 (full 3):
 PSYoungGen      total 204288K, used 35871K [0x00000000f0000000, 0x0000000100000000, 0x0000000100000000)
  eden space 167936K, 0% used [0x00000000f0000000,0x00000000f0000000,0x00000000fa400000)
  from space 36352K, 98% used [0x00000000fa400000,0x00000000fc707f40,0x00000000fc780000)
  to   space 50176K, 0% used [0x00000000fcf00000,0x00000000fcf00000,0x0000000100000000)
 ParOldGen       total 92160K, used 60272K [0x00000000d0000000, 0x00000000d5a00000, 0x00000000f0000000)
  object space 92160K, 65% used [0x00000000d0000000,0x00000000d3adc0e8,0x00000000d5a00000)
 PSPermGen       total 63488K, used 63059K [0x00000000c0000000, 0x00000000c3e00000, 0x00000000d0000000)
  object space 63488K, 99% used [0x00000000c0000000,0x00000000c3d94f78,0x00000000c3e00000)
}
Event: 31.193 GC heap before
{Heap before GC invocations=43 (full 3):
 PSYoungGen      total 204288K, used 199938K [0x00000000f0000000, 0x0000000100000000, 0x0000000100000000)
  eden space 167936K, 97% used [0x00000000f0000000,0x00000000fa038980,0x00000000fa400000)
  from space 36352K, 98% used [0x00000000fa400000,0x00000000fc707f40,0x00000000fc780000)
  to   space 50176K, 0% used [0x00000000fcf00000,0x00000000fcf00000,0x0000000100000000)
 ParOldGen       total 92160K, used 60272K [0x00000000d0000000, 0x00000000d5a00000, 0x00000000f0000000)
  object space 92160K, 65% used [0x00000000d0000000,0x00000000d3adc0e8,0x00000000d5a00000)
 PSPermGen       total 65024K, used 64627K [0x00000000c0000000, 0x00000000c3f80000, 0x00000000d0000000)
  object space 65024K, 99% used [0x00000000c0000000,0x00000000c3f1cfd8,0x00000000c3f80000)
Event: 31.268 GC heap after
Heap after GC invocations=43 (full 3):
 PSYoungGen      total 205824K, used 36802K [0x00000000f0000000, 0x0000000100000000, 0x0000000100000000)
  eden space 155648K, 0% used [0x00000000f0000000,0x00000000f0000000,0x00000000f9800000)
  from space 50176K, 73% used [0x00000000fcf00000,0x00000000ff2f0ba8,0x0000000100000000)
  to   space 53248K, 0% used [0x00000000f9800000,0x00000000f9800000,0x00000000fcc00000)
 ParOldGen       total 92160K, used 61376K [0x00000000d0000000, 0x00000000d5a00000, 0x00000000f0000000)
  object space 92160K, 66% used [0x00000000d0000000,0x00000000d3bf00e8,0x00000000d5a00000)
 PSPermGen       total 65024K, used 64627K [0x00000000c0000000, 0x00000000c3f80000, 0x00000000d0000000)
  object space 65024K, 99% used [0x00000000c0000000,0x00000000c3f1cfd8,0x00000000c3f80000)
}
Event: 31.690 GC heap before
{Heap before GC invocations=44 (full 3):
 PSYoungGen      total 205824K, used 192174K [0x00000000f0000000, 0x0000000100000000, 0x0000000100000000)
  eden space 155648K, 99% used [0x00000000f0000000,0x00000000f97bae78,0x00000000f9800000)
  from space 50176K, 73% used [0x00000000fcf00000,0x00000000ff2f0ba8,0x0000000100000000)
  to   space 53248K, 0% used [0x00000000f9800000,0x00000000f9800000,0x00000000fcc00000)
 ParOldGen       total 92160K, used 61376K [0x00000000d0000000, 0x00000000d5a00000, 0x00000000f0000000)
  object space 92160K, 66% used [0x00000000d0000000,0x00000000d3bf00e8,0x00000000d5a00000)
 PSPermGen       total 65536K, used 65297K [0x00000000c0000000, 0x00000000c4000000, 0x00000000d0000000)
  object space 65536K, 99% used [0x00000000c0000000,0x00000000c3fc4490,0x00000000c4000000)
Event: 31.822 GC heap after
Heap after GC invocations=44 (full 3):
 PSYoungGen      total 208896K, used 26276K [0x00000000f0000000, 0x0000000100000000, 0x0000000100000000)
  eden space 155648K, 0% used [0x00000000f0000000,0x00000000f0000000,0x00000000f9800000)
  from space 53248K, 49% used [0x00000000f9800000,0x00000000fb1a90b0,0x00000000fcc00000)
  to   space 51712K, 0% used [0x00000000fcd80000,0x00000000fcd80000,0x0000000100000000)
 ParOldGen       total 92160K, used 71945K [0x00000000d0000000, 0x00000000d5a00000, 0x00000000f0000000)
  object space 92160K, 78% used [0x00000000d0000000,0x00000000d4642650,0x00000000d5a00000)
 PSPermGen       total 65536K, used 65297K [0x00000000c0000000, 0x00000000c4000000, 0x00000000d0000000)
  object space 65536K, 99% used [0x00000000c0000000,0x00000000c3fc4490,0x00000000c4000000)
}
Event: 61.529 GC heap before
{Heap before GC invocations=45 (full 3):
 PSYoungGen      total 208896K, used 181924K [0x00000000f0000000, 0x0000000100000000, 0x0000000100000000)
  eden space 155648K, 100% used [0x00000000f0000000,0x00000000f9800000,0x00000000f9800000)
  from space 53248K, 49% used [0x00000000f9800000,0x00000000fb1a90b0,0x00000000fcc00000)
  to   space 51712K, 0% used [0x00000000fcd80000,0x00000000fcd80000,0x0000000100000000)
 ParOldGen       total 92160K, used 71945K [0x00000000d0000000, 0x00000000d5a00000, 0x00000000f0000000)
  object space 92160K, 78% used [0x00000000d0000000,0x00000000d4642650,0x00000000d5a00000)
 PSPermGen       total 67072K, used 66868K [0x00000000c0000000, 0x00000000c4180000, 0x00000000d0000000)
  object space 67072K, 99% used [0x00000000c0000000,0x00000000c414d2e8,0x00000000c4180000)
Event: 61.610 GC heap after
Heap after GC invocations=45 (full 3):
 PSYoungGen      total 204288K, used 13072K [0x00000000f0000000, 0x00000000ffb80000, 0x0000000100000000)
  eden space 157184K, 0% used [0x00000000f0000000,0x00000000f0000000,0x00000000f9980000)
  from space 47104K, 27% used [0x00000000fcd80000,0x00000000fda44128,0x00000000ffb80000)
  to   space 50176K, 0% used [0x00000000f9980000,0x00000000f9980000,0x00000000fca80000)
 ParOldGen       total 92160K, used 87657K [0x00000000d0000000, 0x00000000d5a00000, 0x00000000f0000000)
  object space 92160K, 95% used [0x00000000d0000000,0x00000000d559a440,0x00000000d5a00000)
 PSPermGen       total 67072K, used 66868K [0x00000000c0000000, 0x00000000c4180000, 0x00000000d0000000)
  object space 67072K, 99% used [0x00000000c0000000,0x00000000c414d2e8,0x00000000c4180000)
}
Event: 61.615 GC heap before
{Heap before GC invocations=46 (full 4):
 PSYoungGen      total 204288K, used 13072K [0x00000000f0000000, 0x00000000ffb80000, 0x0000000100000000)
  eden space 157184K, 0% used [0x00000000f0000000,0x00000000f0000000,0x00000000f9980000)
  from space 47104K, 27% used [0x00000000fcd80000,0x00000000fda44128,0x00000000ffb80000)
  to   space 50176K, 0% used [0x00000000f9980000,0x00000000f9980000,0x00000000fca80000)
 ParOldGen       total 92160K, used 87657K [0x00000000d0000000, 0x00000000d5a00000, 0x00000000f0000000)
  object space 92160K, 95% used [0x00000000d0000000,0x00000000d559a440,0x00000000d5a00000)
 PSPermGen       total 67072K, used 66868K [0x00000000c0000000, 0x00000000c4180000, 0x00000000d0000000)
  object space 67072K, 99% used [0x00000000c0000000,0x00000000c414d2e8,0x00000000c4180000)

