# JRE version: Java(TM) SE Runtime Environment (7.0_65-b17) (build 1.7.0_65-b17)
# Java VM: Java HotSpot(TM) 64-Bit Server VM (24.65-b04 mixed mode linux-amd64 compressed oops)
Heap
 PSYoungGen      total 139776K, used 5613K [0x00000000f0000000, 0x00000000f8f00000, 0x0000000100000000)
  eden space 134144K, 0% used [0x00000000f0000000,0x00000000f0000000,0x00000000f8300000)
  from space 5632K, 99% used [0x00000000f8300000,0x00000000f887b498,0x00000000f8880000)
  to   space 4608K, 0% used [0x00000000f8880000,0x00000000f8880000,0x00000000f8d00000)
 ParOldGen       total 177152K, used 174105K [0x00000000d0000000, 0x00000000dad00000, 0x00000000f0000000)
  object space 177152K, 98% used [0x00000000d0000000,0x00000000daa06688,0x00000000dad00000)
 PSPermGen       total 21504K, used 14251K [0x00000000c0000000, 0x00000000c1500000, 0x00000000d0000000)
  object space 21504K, 66% used [0x00000000c0000000,0x00000000c0deae00,0x00000000c1500000)
GC Heap History (10 events):
Event: 1.394 GC heap after
Heap after GC invocations=2 (full 0):
 PSYoungGen      total 36352K, used 2528K [0x00000000f0000000, 0x00000000f2600000, 0x0000000100000000)
  eden space 33792K, 0% used [0x00000000f0000000,0x00000000f0000000,0x00000000f2100000)
  from space 2560K, 98% used [0x00000000f2380000,0x00000000f25f8030,0x00000000f2600000)
  to   space 2560K, 0% used [0x00000000f2100000,0x00000000f2100000,0x00000000f2380000)
 ParOldGen       total 177152K, used 168501K [0x00000000d0000000, 0x00000000dad00000, 0x00000000f0000000)
  object space 177152K, 95% used [0x00000000d0000000,0x00000000da48d788,0x00000000dad00000)
 PSPermGen       total 21504K, used 7259K [0x00000000c0000000, 0x00000000c1500000, 0x00000000d0000000)
  object space 21504K, 33% used [0x00000000c0000000,0x00000000c0716d88,0x00000000c1500000)
}
Event: 1.564 GC heap before
{Heap before GC invocations=3 (full 0):
 PSYoungGen      total 36352K, used 35464K [0x00000000f0000000, 0x00000000f2600000, 0x0000000100000000)
  eden space 33792K, 97% used [0x00000000f0000000,0x00000000f202a060,0x00000000f2100000)
  from space 2560K, 98% used [0x00000000f2380000,0x00000000f25f8030,0x00000000f2600000)
  to   space 2560K, 0% used [0x00000000f2100000,0x00000000f2100000,0x00000000f2380000)
 ParOldGen       total 177152K, used 168501K [0x00000000d0000000, 0x00000000dad00000, 0x00000000f0000000)
  object space 177152K, 95% used [0x00000000d0000000,0x00000000da48d788,0x00000000dad00000)
 PSPermGen       total 21504K, used 8080K [0x00000000c0000000, 0x00000000c1500000, 0x00000000d0000000)
  object space 21504K, 37% used [0x00000000c0000000,0x00000000c07e40f8,0x00000000c1500000)
Event: 1.573 GC heap after
Heap after GC invocations=3 (full 0):
 PSYoungGen      total 36352K, used 2528K [0x00000000f0000000, 0x00000000f4700000, 0x0000000100000000)
  eden space 33792K, 0% used [0x00000000f0000000,0x00000000f0000000,0x00000000f2100000)
  from space 2560K, 98% used [0x00000000f2100000,0x00000000f2378010,0x00000000f2380000)
  to   space 2560K, 0% used [0x00000000f4480000,0x00000000f4480000,0x00000000f4700000)
 ParOldGen       total 177152K, used 169064K [0x00000000d0000000, 0x00000000dad00000, 0x00000000f0000000)
  object space 177152K, 95% used [0x00000000d0000000,0x00000000da51a0e0,0x00000000dad00000)
 PSPermGen       total 21504K, used 8080K [0x00000000c0000000, 0x00000000c1500000, 0x00000000d0000000)
  object space 21504K, 37% used [0x00000000c0000000,0x00000000c07e40f8,0x00000000c1500000)
}
Event: 1.637 GC heap before
{Heap before GC invocations=4 (full 0):
 PSYoungGen      total 36352K, used 33402K [0x00000000f0000000, 0x00000000f4700000, 0x0000000100000000)
  eden space 33792K, 91% used [0x00000000f0000000,0x00000000f1e26a00,0x00000000f2100000)
  from space 2560K, 98% used [0x00000000f2100000,0x00000000f2378010,0x00000000f2380000)
  to   space 2560K, 0% used [0x00000000f4480000,0x00000000f4480000,0x00000000f4700000)
 ParOldGen       total 177152K, used 169064K [0x00000000d0000000, 0x00000000dad00000, 0x00000000f0000000)
  object space 177152K, 95% used [0x00000000d0000000,0x00000000da51a0e0,0x00000000dad00000)
 PSPermGen       total 21504K, used 8319K [0x00000000c0000000, 0x00000000c1500000, 0x00000000d0000000)
  object space 21504K, 38% used [0x00000000c0000000,0x00000000c081fed8,0x00000000c1500000)
Event: 1.646 GC heap after
Heap after GC invocations=4 (full 0):
 PSYoungGen      total 70144K, used 2536K [0x00000000f0000000, 0x00000000f4700000, 0x0000000100000000)
  eden space 67584K, 0% used [0x00000000f0000000,0x00000000f0000000,0x00000000f4200000)
  from space 2560K, 99% used [0x00000000f4480000,0x00000000f46fa3c8,0x00000000f4700000)
  to   space 2560K, 0% used [0x00000000f4200000,0x00000000f4200000,0x00000000f4480000)
 ParOldGen       total 177152K, used 169487K [0x00000000d0000000, 0x00000000dad00000, 0x00000000f0000000)
  object space 177152K, 95% used [0x00000000d0000000,0x00000000da583e40,0x00000000dad00000)
 PSPermGen       total 21504K, used 8319K [0x00000000c0000000, 0x00000000c1500000, 0x00000000d0000000)
  object space 21504K, 38% used [0x00000000c0000000,0x00000000c081fed8,0x00000000c1500000)
}
Event: 1.920 GC heap before
{Heap before GC invocations=5 (full 0):
 PSYoungGen      total 70144K, used 63369K [0x00000000f0000000, 0x00000000f4700000, 0x0000000100000000)
  eden space 67584K, 90% used [0x00000000f0000000,0x00000000f3b68310,0x00000000f4200000)
  from space 2560K, 99% used [0x00000000f4480000,0x00000000f46fa3c8,0x00000000f4700000)
  to   space 2560K, 0% used [0x00000000f4200000,0x00000000f4200000,0x00000000f4480000)
 ParOldGen       total 177152K, used 169487K [0x00000000d0000000, 0x00000000dad00000, 0x00000000f0000000)
  object space 177152K, 95% used [0x00000000d0000000,0x00000000da583e40,0x00000000dad00000)
 PSPermGen       total 21504K, used 10358K [0x00000000c0000000, 0x00000000c1500000, 0x00000000d0000000)
  object space 21504K, 48% used [0x00000000c0000000,0x00000000c0a1da08,0x00000000c1500000)
Event: 1.933 GC heap after
Heap after GC invocations=5 (full 0):
 PSYoungGen      total 70144K, used 2544K [0x00000000f0000000, 0x00000000f8d00000, 0x0000000100000000)
  eden space 67584K, 0% used [0x00000000f0000000,0x00000000f0000000,0x00000000f4200000)
  from space 2560K, 99% used [0x00000000f4200000,0x00000000f447c040,0x00000000f4480000)
  to   space 4608K, 0% used [0x00000000f8880000,0x00000000f8880000,0x00000000f8d00000)
 ParOldGen       total 177152K, used 170728K [0x00000000d0000000, 0x00000000dad00000, 0x00000000f0000000)
  object space 177152K, 96% used [0x00000000d0000000,0x00000000da6ba068,0x00000000dad00000)
 PSPermGen       total 21504K, used 10358K [0x00000000c0000000, 0x00000000c1500000, 0x00000000d0000000)
  object space 21504K, 48% used [0x00000000c0000000,0x00000000c0a1da08,0x00000000c1500000)
}
Event: 2.576 GC heap before
{Heap before GC invocations=6 (full 0):
 PSYoungGen      total 70144K, used 63288K [0x00000000f0000000, 0x00000000f8d00000, 0x0000000100000000)
  eden space 67584K, 89% used [0x00000000f0000000,0x00000000f3b52258,0x00000000f4200000)
  from space 2560K, 99% used [0x00000000f4200000,0x00000000f447c040,0x00000000f4480000)
  to   space 4608K, 0% used [0x00000000f8880000,0x00000000f8880000,0x00000000f8d00000)
 ParOldGen       total 177152K, used 170728K [0x00000000d0000000, 0x00000000dad00000, 0x00000000f0000000)
  object space 177152K, 96% used [0x00000000d0000000,0x00000000da6ba068,0x00000000dad00000)
 PSPermGen       total 21504K, used 11614K [0x00000000c0000000, 0x00000000c1500000, 0x00000000d0000000)
  object space 21504K, 54% used [0x00000000c0000000,0x00000000c0b578c8,0x00000000c1500000)
Event: 2.601 GC heap after
Heap after GC invocations=6 (full 0):
 PSYoungGen      total 138752K, used 4576K [0x00000000f0000000, 0x00000000f8f00000, 0x0000000100000000)
  eden space 134144K, 0% used [0x00000000f0000000,0x00000000f0000000,0x00000000f8300000)
  from space 4608K, 99% used [0x00000000f8880000,0x00000000f8cf8030,0x00000000f8d00000)
  to   space 5632K, 0% used [0x00000000f8300000,0x00000000f8300000,0x00000000f8880000)
 ParOldGen       total 177152K, used 171708K [0x00000000d0000000, 0x00000000dad00000, 0x00000000f0000000)
  object space 177152K, 96% used [0x00000000d0000000,0x00000000da7af370,0x00000000dad00000)
 PSPermGen       total 21504K, used 11614K [0x00000000c0000000, 0x00000000c1500000, 0x00000000d0000000)
  object space 21504K, 54% used [0x00000000c0000000,0x00000000c0b578c8,0x00000000c1500000)
}
Event: 3.243 GC heap before
{Heap before GC invocations=7 (full 0):
 PSYoungGen      total 138752K, used 138720K [0x00000000f0000000, 0x00000000f8f00000, 0x0000000100000000)
  eden space 134144K, 100% used [0x00000000f0000000,0x00000000f8300000,0x00000000f8300000)
  from space 4608K, 99% used [0x00000000f8880000,0x00000000f8cf8030,0x00000000f8d00000)
  to   space 5632K, 0% used [0x00000000f8300000,0x00000000f8300000,0x00000000f8880000)
 ParOldGen       total 177152K, used 171708K [0x00000000d0000000, 0x00000000dad00000, 0x00000000f0000000)
  object space 177152K, 96% used [0x00000000d0000000,0x00000000da7af370,0x00000000dad00000)
 PSPermGen       total 21504K, used 14251K [0x00000000c0000000, 0x00000000c1500000, 0x00000000d0000000)
  object space 21504K, 66% used [0x00000000c0000000,0x00000000c0deae00,0x00000000c1500000)

