# JRE version: Java(TM) SE Runtime Environment (7.0_65-b17) (build 1.7.0_65-b17)
# Java VM: Java HotSpot(TM) 64-Bit Server VM (24.65-b04 mixed mode linux-amd64 compressed oops)
Heap
 def new generation   total 37568K, used 0K [0x00000000c0000000, 0x00000000c28c0000, 0x00000000d0000000)
  eden space 33408K,   0% used [0x00000000c0000000, 0x00000000c0000000, 0x00000000c20a0000)
  from space 4160K,   0% used [0x00000000c24b0000, 0x00000000c24b0000, 0x00000000c28c0000)
  to   space 4160K,   0% used [0x00000000c20a0000, 0x00000000c20a0000, 0x00000000c24b0000)
 tenured generation   total 83408K, used 71704K [0x00000000d0000000, 0x00000000d5174000, 0x00000000f0000000)
   the space 83408K,  85% used [0x00000000d0000000, 0x00000000d4606158, 0x00000000d4606200, 0x00000000d5174000)
 compacting perm gen  total 53888K, used 53887K [0x00000000f0000000, 0x00000000f34a0000, 0x0000000100000000)
   the space 53888K,  99% used [0x00000000f0000000, 0x00000000f349ffd0, 0x00000000f34a0000, 0x00000000f34a0000)
GC Heap History (10 events):
Event: 56.141 GC heap after
Heap after GC invocations=238 (full 5):
 def new generation   total 37568K, used 2762K [0x00000000c0000000, 0x00000000c28c0000, 0x00000000d0000000)
  eden space 33408K,   0% used [0x00000000c0000000, 0x00000000c0000000, 0x00000000c20a0000)
  from space 4160K,  66% used [0x00000000c24b0000, 0x00000000c2762908, 0x00000000c28c0000)
  to   space 4160K,   0% used [0x00000000c20a0000, 0x00000000c20a0000, 0x00000000c24b0000)
 tenured generation   total 83408K, used 59783K [0x00000000d0000000, 0x00000000d5174000, 0x00000000f0000000)
   the space 83408K,  71% used [0x00000000d0000000, 0x00000000d3a61cf8, 0x00000000d3a61e00, 0x00000000d5174000)
 compacting perm gen  total 51968K, used 51658K [0x00000000f0000000, 0x00000000f32c0000, 0x0000000100000000)
   the space 51968K,  99% used [0x00000000f0000000, 0x00000000f3272970, 0x00000000f3272a00, 0x00000000f32c0000)
No shared spaces configured.
}
Event: 57.523 GC heap before
{Heap before GC invocations=238 (full 5):
 def new generation   total 37568K, used 36170K [0x00000000c0000000, 0x00000000c28c0000, 0x00000000d0000000)
  eden space 33408K, 100% used [0x00000000c0000000, 0x00000000c20a0000, 0x00000000c20a0000)
  from space 4160K,  66% used [0x00000000c24b0000, 0x00000000c2762908, 0x00000000c28c0000)
  to   space 4160K,   0% used [0x00000000c20a0000, 0x00000000c20a0000, 0x00000000c24b0000)
 tenured generation   total 83408K, used 59783K [0x00000000d0000000, 0x00000000d5174000, 0x00000000f0000000)
   the space 83408K,  71% used [0x00000000d0000000, 0x00000000d3a61cf8, 0x00000000d3a61e00, 0x00000000d5174000)
 compacting perm gen  total 52288K, used 52154K [0x00000000f0000000, 0x00000000f3310000, 0x0000000100000000)
   the space 52288K,  99% used [0x00000000f0000000, 0x00000000f32eeb08, 0x00000000f32eec00, 0x00000000f3310000)
No shared spaces configured.
Event: 57.568 GC heap after
Heap after GC invocations=239 (full 5):
 def new generation   total 37568K, used 2812K [0x00000000c0000000, 0x00000000c28c0000, 0x00000000d0000000)
  eden space 33408K,   0% used [0x00000000c0000000, 0x00000000c0000000, 0x00000000c20a0000)
  from space 4160K,  67% used [0x00000000c20a0000, 0x00000000c235f168, 0x00000000c24b0000)
  to   space 4160K,   0% used [0x00000000c24b0000, 0x00000000c24b0000, 0x00000000c28c0000)
 tenured generation   total 83408K, used 62409K [0x00000000d0000000, 0x00000000d5174000, 0x00000000f0000000)
   the space 83408K,  74% used [0x00000000d0000000, 0x00000000d3cf2600, 0x00000000d3cf2600, 0x00000000d5174000)
 compacting perm gen  total 52288K, used 52154K [0x00000000f0000000, 0x00000000f3310000, 0x0000000100000000)
   the space 52288K,  99% used [0x00000000f0000000, 0x00000000f32eeb08, 0x00000000f32eec00, 0x00000000f3310000)
No shared spaces configured.
}
Event: 58.038 GC heap before
{Heap before GC invocations=239 (full 5):
 def new generation   total 37568K, used 36220K [0x00000000c0000000, 0x00000000c28c0000, 0x00000000d0000000)
  eden space 33408K, 100% used [0x00000000c0000000, 0x00000000c20a0000, 0x00000000c20a0000)
  from space 4160K,  67% used [0x00000000c20a0000, 0x00000000c235f168, 0x00000000c24b0000)
  to   space 4160K,   0% used [0x00000000c24b0000, 0x00000000c24b0000, 0x00000000c28c0000)
 tenured generation   total 83408K, used 62409K [0x00000000d0000000, 0x00000000d5174000, 0x00000000f0000000)
   the space 83408K,  74% used [0x00000000d0000000, 0x00000000d3cf2600, 0x00000000d3cf2600, 0x00000000d5174000)
 compacting perm gen  total 52608K, used 52384K [0x00000000f0000000, 0x00000000f3360000, 0x0000000100000000)
   the space 52608K,  99% used [0x00000000f0000000, 0x00000000f3328058, 0x00000000f3328200, 0x00000000f3360000)
No shared spaces configured.
Event: 58.066 GC heap after
Heap after GC invocations=240 (full 5):
 def new generation   total 37568K, used 1821K [0x00000000c0000000, 0x00000000c28c0000, 0x00000000d0000000)
  eden space 33408K,   0% used [0x00000000c0000000, 0x00000000c0000000, 0x00000000c20a0000)
  from space 4160K,  43% used [0x00000000c24b0000, 0x00000000c2677678, 0x00000000c28c0000)
  to   space 4160K,   0% used [0x00000000c20a0000, 0x00000000c20a0000, 0x00000000c24b0000)
 tenured generation   total 83408K, used 65092K [0x00000000d0000000, 0x00000000d5174000, 0x00000000f0000000)
   the space 83408K,  78% used [0x00000000d0000000, 0x00000000d3f91300, 0x00000000d3f91400, 0x00000000d5174000)
 compacting perm gen  total 52608K, used 52384K [0x00000000f0000000, 0x00000000f3360000, 0x0000000100000000)
   the space 52608K,  99% used [0x00000000f0000000, 0x00000000f3328058, 0x00000000f3328200, 0x00000000f3360000)
No shared spaces configured.
}
Event: 58.380 GC heap before
{Heap before GC invocations=240 (full 5):
 def new generation   total 37568K, used 35229K [0x00000000c0000000, 0x00000000c28c0000, 0x00000000d0000000)
  eden space 33408K, 100% used [0x00000000c0000000, 0x00000000c20a0000, 0x00000000c20a0000)
  from space 4160K,  43% used [0x00000000c24b0000, 0x00000000c2677678, 0x00000000c28c0000)
  to   space 4160K,   0% used [0x00000000c20a0000, 0x00000000c20a0000, 0x00000000c24b0000)
 tenured generation   total 83408K, used 65092K [0x00000000d0000000, 0x00000000d5174000, 0x00000000f0000000)
   the space 83408K,  78% used [0x00000000d0000000, 0x00000000d3f91300, 0x00000000d3f91400, 0x00000000d5174000)
 compacting perm gen  total 52608K, used 52555K [0x00000000f0000000, 0x00000000f3360000, 0x0000000100000000)
   the space 52608K,  99% used [0x00000000f0000000, 0x00000000f3352ca8, 0x00000000f3352e00, 0x00000000f3360000)
No shared spaces configured.
Event: 58.392 GC heap after
Heap after GC invocations=241 (full 5):
 def new generation   total 37568K, used 2771K [0x00000000c0000000, 0x00000000c28c0000, 0x00000000d0000000)
  eden space 33408K,   0% used [0x00000000c0000000, 0x00000000c0000000, 0x00000000c20a0000)
  from space 4160K,  66% used [0x00000000c20a0000, 0x00000000c2354e48, 0x00000000c24b0000)
  to   space 4160K,   0% used [0x00000000c24b0000, 0x00000000c24b0000, 0x00000000c28c0000)
 tenured generation   total 83408K, used 65092K [0x00000000d0000000, 0x00000000d5174000, 0x00000000f0000000)
   the space 83408K,  78% used [0x00000000d0000000, 0x00000000d3f91300, 0x00000000d3f91400, 0x00000000d5174000)
 compacting perm gen  total 52608K, used 52555K [0x00000000f0000000, 0x00000000f3360000, 0x0000000100000000)
   the space 52608K,  99% used [0x00000000f0000000, 0x00000000f3352ca8, 0x00000000f3352e00, 0x00000000f3360000)
No shared spaces configured.
}
Event: 58.766 GC heap before
{Heap before GC invocations=241 (full 5):
 def new generation   total 37568K, used 36179K [0x00000000c0000000, 0x00000000c28c0000, 0x00000000d0000000)
  eden space 33408K, 100% used [0x00000000c0000000, 0x00000000c20a0000, 0x00000000c20a0000)
  from space 4160K,  66% used [0x00000000c20a0000, 0x00000000c2354e48, 0x00000000c24b0000)
  to   space 4160K,   0% used [0x00000000c24b0000, 0x00000000c24b0000, 0x00000000c28c0000)
 tenured generation   total 83408K, used 65092K [0x00000000d0000000, 0x00000000d5174000, 0x00000000f0000000)
   the space 83408K,  78% used [0x00000000d0000000, 0x00000000d3f91300, 0x00000000d3f91400, 0x00000000d5174000)
 compacting perm gen  total 53888K, used 53716K [0x00000000f0000000, 0x00000000f34a0000, 0x0000000100000000)
   the space 53888K,  99% used [0x00000000f0000000, 0x00000000f34752e8, 0x00000000f3475400, 0x00000000f34a0000)
No shared spaces configured.
Event: 58.788 GC heap after
Heap after GC invocations=242 (full 5):
 def new generation   total 37568K, used 4160K [0x00000000c0000000, 0x00000000c28c0000, 0x00000000d0000000)
  eden space 33408K,   0% used [0x00000000c0000000, 0x00000000c0000000, 0x00000000c20a0000)
  from space 4160K, 100% used [0x00000000c24b0000, 0x00000000c28c0000, 0x00000000c28c0000)
  to   space 4160K,   0% used [0x00000000c20a0000, 0x00000000c20a0000, 0x00000000c24b0000)
 tenured generation   total 83408K, used 67252K [0x00000000d0000000, 0x00000000d5174000, 0x00000000f0000000)
   the space 83408K,  80% used [0x00000000d0000000, 0x00000000d41ad030, 0x00000000d41ad200, 0x00000000d5174000)
 compacting perm gen  total 53888K, used 53716K [0x00000000f0000000, 0x00000000f34a0000, 0x0000000100000000)
   the space 53888K,  99% used [0x00000000f0000000, 0x00000000f34752e8, 0x00000000f3475400, 0x00000000f34a0000)
No shared spaces configured.
}
Event: 58.833 GC heap before
{Heap before GC invocations=242 (full 5):
 def new generation   total 37568K, used 9996K [0x00000000c0000000, 0x00000000c28c0000, 0x00000000d0000000)
  eden space 33408K,  17% used [0x00000000c0000000, 0x00000000c05b3140, 0x00000000c20a0000)
  from space 4160K, 100% used [0x00000000c24b0000, 0x00000000c28c0000, 0x00000000c28c0000)
  to   space 4160K,   0% used [0x00000000c20a0000, 0x00000000c20a0000, 0x00000000c24b0000)
 tenured generation   total 83408K, used 67252K [0x00000000d0000000, 0x00000000d5174000, 0x00000000f0000000)
   the space 83408K,  80% used [0x00000000d0000000, 0x00000000d41ad030, 0x00000000d41ad200, 0x00000000d5174000)
 compacting perm gen  total 53888K, used 53887K [0x00000000f0000000, 0x00000000f34a0000, 0x0000000100000000)
   the space 53888K,  99% used [0x00000000f0000000, 0x00000000f349ffd0, 0x00000000f34a0000, 0x00000000f34a0000)
No shared spaces configured.

